Using pre-set license
Built from '2022.3/staging' branch; Version is '2022.3.42f1 (2dcb6a0abc42) revision 3001194'; Using compiler version '192829333'; Build Type 'Release'
OS: 'Windows 11  (10.0.22631) 64bit Core' Language: 'en' Physical Memory: 32530 MB
BatchMode: 1, IsHumanControllingUs: 0, StartBugReporterOnCrash: 0, Is64bit: 1, IsPro: 1

COMMAND LINE ARGUMENTS:
C:\Program Files\Unity\Hub\Editor\2022.3.42f1\Editor\Unity.exe
-adb2
-batchMode
-noUpm
-name
AssetImportWorker4
-projectPath
C:/Users/hotdo/Documents/Unity Projects/BuiltToScale
-logFile
Logs/AssetImportWorker4.log
-srvPort
55262
Successfully changed project path to: C:/Users/hotdo/Documents/Unity Projects/BuiltToScale
C:/Users/hotdo/Documents/Unity Projects/BuiltToScale
[UnityMemory] Configuration Parameters - Can be set up in boot.config
    "memorysetup-bucket-allocator-granularity=16"
    "memorysetup-bucket-allocator-bucket-count=8"
    "memorysetup-bucket-allocator-block-size=33554432"
    "memorysetup-bucket-allocator-block-count=8"
    "memorysetup-main-allocator-block-size=16777216"
    "memorysetup-thread-allocator-block-size=16777216"
    "memorysetup-gfx-main-allocator-block-size=16777216"
    "memorysetup-gfx-thread-allocator-block-size=16777216"
    "memorysetup-cache-allocator-block-size=4194304"
    "memorysetup-typetree-allocator-block-size=2097152"
    "memorysetup-profiler-bucket-allocator-granularity=16"
    "memorysetup-profiler-bucket-allocator-bucket-count=8"
    "memorysetup-profiler-bucket-allocator-block-size=33554432"
    "memorysetup-profiler-bucket-allocator-block-count=8"
    "memorysetup-profiler-allocator-block-size=16777216"
    "memorysetup-profiler-editor-allocator-block-size=1048576"
    "memorysetup-temp-allocator-size-main=16777216"
    "memorysetup-job-temp-allocator-block-size=2097152"
    "memorysetup-job-temp-allocator-block-size-background=1048576"
    "memorysetup-job-temp-allocator-reduction-small-platforms=262144"
    "memorysetup-allocator-temp-initial-block-size-main=262144"
    "memorysetup-allocator-temp-initial-block-size-worker=262144"
    "memorysetup-temp-allocator-size-background-worker=32768"
    "memorysetup-temp-allocator-size-job-worker=262144"
    "memorysetup-temp-allocator-size-preload-manager=33554432"
    "memorysetup-temp-allocator-size-nav-mesh-worker=65536"
    "memorysetup-temp-allocator-size-audio-worker=65536"
    "memorysetup-temp-allocator-size-cloud-worker=32768"
    "memorysetup-temp-allocator-size-gi-baking-worker=262144"
    "memorysetup-temp-allocator-size-gfx=262144"
Player connection [24808]  Target information:

Player connection [24808]  * "[IP] 192.168.1.218 [Port] 0 [Flags] 2 [Guid] 4074458945 [EditorId] 4074458945 [Version] 1048832 [Id] WindowsEditor(7,Bradens_Desktop) [Debug] 1 [PackageName] WindowsEditor [ProjectName] Editor" 

Player connection [24808] Host joined multi-casting on [225.0.0.222:54997]...
Player connection [24808] Host joined alternative multi-casting on [225.0.0.222:34997]...
[PhysX] Initialized MultithreadedTaskDispatcher with 20 workers.
Refreshing native plugins compatible for Editor in 8.46 ms, found 4 plugins.
Preloading 0 native plugins for Editor in 0.00 ms.
Initialize engine version: 2022.3.42f1 (2dcb6a0abc42)
[Subsystems] Discovering subsystems at path C:/Program Files/Unity/Hub/Editor/2022.3.42f1/Editor/Data/Resources/UnitySubsystems
[Subsystems] Discovering subsystems at path C:/Users/hotdo/Documents/Unity Projects/BuiltToScale/Assets
GfxDevice: creating device client; threaded=0; jobified=0
Direct3D:
    Version:  Direct3D 11.0 [level 11.1]
    Renderer: AMD Radeon RX 6800 (ID=0x73bf)
    Vendor:   ATI
    VRAM:     16337 MB
    Driver:   32.0.11021.1011
Initialize mono
Mono path[0] = 'C:/Program Files/Unity/Hub/Editor/2022.3.42f1/Editor/Data/Managed'
Mono path[1] = 'C:/Program Files/Unity/Hub/Editor/2022.3.42f1/Editor/Data/MonoBleedingEdge/lib/mono/unityjit-win32'
Mono config path = 'C:/Program Files/Unity/Hub/Editor/2022.3.42f1/Editor/Data/MonoBleedingEdge/etc'
Using monoOptions --debugger-agent=transport=dt_socket,embedding=1,server=y,suspend=n,address=127.0.0.1:56512
Begin MonoManager ReloadAssembly
Registering precompiled unity dll's ...
Register platform support module: C:/Program Files/Unity/Hub/Editor/2022.3.42f1/Editor/Data/PlaybackEngines/WebGLSupport/UnityEditor.WebGL.Extensions.dll
Register platform support module: C:/Program Files/Unity/Hub/Editor/2022.3.42f1/Editor/Data/PlaybackEngines/WindowsStandaloneSupport/UnityEditor.WindowsStandalone.Extensions.dll
Registered in 0.005361 seconds.
- Loaded All Assemblies, in  0.213 seconds
Native extension for WindowsStandalone target not found
Native extension for WebGL target not found
Mono: successfully reloaded assembly
- Finished resetting the current domain, in  0.155 seconds
Domain Reload Profiling: 367ms
	BeginReloadAssembly (68ms)
		ExecutionOrderSort (0ms)
		DisableScriptedObjects (0ms)
		BackupInstance (0ms)
		ReleaseScriptingObjects (0ms)
		CreateAndSetChildDomain (0ms)
	RebuildCommonClasses (20ms)
	RebuildNativeTypeToScriptingClass (6ms)
	initialDomainReloadingComplete (36ms)
	LoadAllAssembliesAndSetupDomain (81ms)
		LoadAssemblies (67ms)
		RebuildTransferFunctionScriptingTraits (0ms)
		AnalyzeDomain (80ms)
			TypeCache.Refresh (79ms)
				TypeCache.ScanAssembly (71ms)
			ScanForSourceGeneratedMonoScriptInfo (0ms)
			ResolveRequiredComponents (0ms)
	FinalizeReload (156ms)
		ReleaseScriptCaches (0ms)
		RebuildScriptCaches (0ms)
		SetupLoadedEditorAssemblies (129ms)
			LogAssemblyErrors (0ms)
			InitializePlatformSupportModulesInManaged (7ms)
			SetLoadedEditorAssemblies (3ms)
			RefreshPlugins (0ms)
			BeforeProcessingInitializeOnLoad (1ms)
			ProcessInitializeOnLoadAttributes (89ms)
			ProcessInitializeOnLoadMethodAttributes (29ms)
			AfterProcessingInitializeOnLoad (0ms)
			EditorAssembliesLoaded (0ms)
		ExecutionOrderSort2 (0ms)
		AwakeInstancesAfterBackupRestoration (0ms)
========================================================================
Worker process is ready to serve import requests
Caller must complete domain reload
Begin MonoManager ReloadAssembly
- Loaded All Assemblies, in  0.393 seconds
Native extension for WindowsStandalone target not found
Native extension for WebGL target not found
Package Manager log level set to [2]
[Package Manager] Server::EnsureServerProcessIsRunning -- launch failed, reason: Unity was launched with the -noUpm command-line argument
[Package Manager] UpmClient::Send -- Unable to send message (not connected to UPM process).
[Package Manager] Cannot connect to Unity Package Manager local server
Mono: successfully reloaded assembly
- Finished resetting the current domain, in  0.373 seconds
Domain Reload Profiling: 764ms
	BeginReloadAssembly (88ms)
		ExecutionOrderSort (0ms)
		DisableScriptedObjects (3ms)
		BackupInstance (0ms)
		ReleaseScriptingObjects (0ms)
		CreateAndSetChildDomain (13ms)
	RebuildCommonClasses (19ms)
	RebuildNativeTypeToScriptingClass (6ms)
	initialDomainReloadingComplete (26ms)
	LoadAllAssembliesAndSetupDomain (253ms)
		LoadAssemblies (203ms)
		RebuildTransferFunctionScriptingTraits (0ms)
		AnalyzeDomain (101ms)
			TypeCache.Refresh (85ms)
				TypeCache.ScanAssembly (75ms)
			ScanForSourceGeneratedMonoScriptInfo (13ms)
			ResolveRequiredComponents (3ms)
	FinalizeReload (373ms)
		ReleaseScriptCaches (0ms)
		RebuildScriptCaches (0ms)
		SetupLoadedEditorAssemblies (283ms)
			LogAssemblyErrors (0ms)
			InitializePlatformSupportModulesInManaged (4ms)
			SetLoadedEditorAssemblies (2ms)
			RefreshPlugins (0ms)
			BeforeProcessingInitializeOnLoad (42ms)
			ProcessInitializeOnLoadAttributes (206ms)
			ProcessInitializeOnLoadMethodAttributes (24ms)
			AfterProcessingInitializeOnLoad (4ms)
			EditorAssembliesLoaded (0ms)
		ExecutionOrderSort2 (0ms)
		AwakeInstancesAfterBackupRestoration (5ms)
Launched and connected shader compiler UnityShaderCompiler.exe after 0.05 seconds
Refreshing native plugins compatible for Editor in 3.26 ms, found 4 plugins.
Preloading 0 native plugins for Editor in 0.00 ms.
Unloading 4032 Unused Serialized files (Serialized files now loaded: 0)
Unloading 38 unused Assets / (241.2 KB). Loaded Objects now: 4496.
Memory consumption went from 141.3 MB to 141.0 MB.
Total: 2.144000 ms (FindLiveObjects: 0.164700 ms CreateObjectMapping: 0.056600 ms MarkObjects: 1.787000 ms  DeleteObjects: 0.134800 ms)

AssetImportParameters requested are different than current active one (requested -> active):
  custom:container-demuxer-ogg: 62fdf1f143b41e24485cea50d1cbac27 -> 
  custom:video-codec-MediaFoundation-h265: 746d11721c4dcdbdad8f713fa42b33f4 -> 
  custom:video-decoder-ogg-theora: a1e56fd34408186e4bbccfd4996cb3dc -> 
  custom:framework-win-MediaFoundation: 216162199b28c13a410421893ffa2e32 -> 
  custom:CustomObjectIndexerAttribute: 9a22284fe3817be447336de3de66b15e -> 
  custom:container-demuxer-webm: 4f35f7cbe854078d1ac9338744f61a02 -> 
  custom:container-muxer-webm: aa71ff27fc2769a1b78a27578f13a17b -> 
  custom:video-decoder-webm-vp8: 9c59270c3fd7afecdb556c50c9e8de78 -> 
  custom:SearchIndexIgnoredProperties: e643bd26f0fe6173181afceb89e7c659 -> 
  custom:AudioImporter_EditorPlatform: d09bf68614088b80899f8185d706f6e7 -> 
  custom:video-encoder-webm-vp8: eb34c28f22e8b96e1ab97ce403110664 -> 
  custom:audio-decoder-ogg-vorbis: bf7c407c2cedff20999df2af8eb42d56 -> 
  custom:audio-encoder-webm-vorbis: bf7c407c2cedff20999df2af8eb42d56 -> 
========================================================================
Received Import Request.
  Time since last request: 27647.187698 seconds.
  path: Assets/Tile Palette/Brick Walls/brick walls.prefab
  artifactKey: Guid(a9a4d630307d55544909bf1837acb618) Importer(815301076,1909f56bfc062723c751e8b465ee728b)
Start importing Assets/Tile Palette/Brick Walls/brick walls.prefab using Guid(a9a4d630307d55544909bf1837acb618) Importer(815301076,1909f56bfc062723c751e8b465ee728b) [PhysX] Initialized MultithreadedTaskDispatcher with 20 workers.
[PhysX] Initialized MultithreadedTaskDispatcher with 20 workers.
 -> (artifact id: 'aa25615a05ea8df67a58309894a8e787') in 0.066464 seconds
Number of updated asset objects reloaded before import = 0
Number of asset objects unloaded after import = 13
========================================================================
Received Import Request.
  Time since last request: 7.300225 seconds.
  path: Assets/Tile Palette/Brick Walls/brick walls.prefab
  artifactKey: Guid(a9a4d630307d55544909bf1837acb618) Importer(815301076,1909f56bfc062723c751e8b465ee728b)
Start importing Assets/Tile Palette/Brick Walls/brick walls.prefab using Guid(a9a4d630307d55544909bf1837acb618) Importer(815301076,1909f56bfc062723c751e8b465ee728b) [PhysX] Initialized MultithreadedTaskDispatcher with 20 workers.
[PhysX] Initialized MultithreadedTaskDispatcher with 20 workers.
 -> (artifact id: 'ebb0ad83892f2308f69ed0cfc4faf867') in 0.025593 seconds
Number of updated asset objects reloaded before import = 0
Number of asset objects unloaded after import = 16
========================================================================
Received Import Request.
  Time since last request: 5.675691 seconds.
  path: Assets/Tile Palette/Brick Walls/brick walls.prefab
  artifactKey: Guid(a9a4d630307d55544909bf1837acb618) Importer(815301076,1909f56bfc062723c751e8b465ee728b)
Start importing Assets/Tile Palette/Brick Walls/brick walls.prefab using Guid(a9a4d630307d55544909bf1837acb618) Importer(815301076,1909f56bfc062723c751e8b465ee728b) [PhysX] Initialized MultithreadedTaskDispatcher with 20 workers.
[PhysX] Initialized MultithreadedTaskDispatcher with 20 workers.
 -> (artifact id: '4f8872c500306c64cae12151c702e0df') in 0.011155 seconds
Number of updated asset objects reloaded before import = 0
Number of asset objects unloaded after import = 19
========================================================================
Received Import Request.
  Time since last request: 2.505612 seconds.
  path: Assets/Tile Palette/Brick Walls/brick walls.prefab
  artifactKey: Guid(a9a4d630307d55544909bf1837acb618) Importer(815301076,1909f56bfc062723c751e8b465ee728b)
Start importing Assets/Tile Palette/Brick Walls/brick walls.prefab using Guid(a9a4d630307d55544909bf1837acb618) Importer(815301076,1909f56bfc062723c751e8b465ee728b) [PhysX] Initialized MultithreadedTaskDispatcher with 20 workers.
[PhysX] Initialized MultithreadedTaskDispatcher with 20 workers.
 -> (artifact id: 'bff7c0e2ae4d7d0326e7b72661a3f275') in 0.012260 seconds
Number of updated asset objects reloaded before import = 0
Number of asset objects unloaded after import = 22
========================================================================
Received Import Request.
  Time since last request: 18.247341 seconds.
  path: Assets/Tile Palette/Brick Walls/brick walls.prefab
  artifactKey: Guid(a9a4d630307d55544909bf1837acb618) Importer(815301076,1909f56bfc062723c751e8b465ee728b)
Start importing Assets/Tile Palette/Brick Walls/brick walls.prefab using Guid(a9a4d630307d55544909bf1837acb618) Importer(815301076,1909f56bfc062723c751e8b465ee728b) [PhysX] Initialized MultithreadedTaskDispatcher with 20 workers.
[PhysX] Initialized MultithreadedTaskDispatcher with 20 workers.
 -> (artifact id: '30b5d662af13e5f222695b4084bb565f') in 0.014620 seconds
Number of updated asset objects reloaded before import = 0
Number of asset objects unloaded after import = 21
========================================================================
Received Import Request.
  Time since last request: 1.197950 seconds.
  path: Assets/Tile Palette/Brick Walls/brick walls.prefab
  artifactKey: Guid(a9a4d630307d55544909bf1837acb618) Importer(815301076,1909f56bfc062723c751e8b465ee728b)
Start importing Assets/Tile Palette/Brick Walls/brick walls.prefab using Guid(a9a4d630307d55544909bf1837acb618) Importer(815301076,1909f56bfc062723c751e8b465ee728b) [PhysX] Initialized MultithreadedTaskDispatcher with 20 workers.
[PhysX] Initialized MultithreadedTaskDispatcher with 20 workers.
 -> (artifact id: '778c1b85b2064a0266c1f6bed01257b2') in 0.011817 seconds
Number of updated asset objects reloaded before import = 0
Number of asset objects unloaded after import = 20
========================================================================
Received Import Request.
  Time since last request: 0.770984 seconds.
  path: Assets/Tile Palette/Brick Walls/brick walls.prefab
  artifactKey: Guid(a9a4d630307d55544909bf1837acb618) Importer(815301076,1909f56bfc062723c751e8b465ee728b)
Start importing Assets/Tile Palette/Brick Walls/brick walls.prefab using Guid(a9a4d630307d55544909bf1837acb618) Importer(815301076,1909f56bfc062723c751e8b465ee728b) [PhysX] Initialized MultithreadedTaskDispatcher with 20 workers.
[PhysX] Initialized MultithreadedTaskDispatcher with 20 workers.
 -> (artifact id: '4b5c9100465ad1222299d850023b29af') in 0.011781 seconds
Number of updated asset objects reloaded before import = 0
Number of asset objects unloaded after import = 19
========================================================================
Received Import Request.
  Time since last request: 1.114131 seconds.
  path: Assets/Tile Palette/Brick Walls/brick walls.prefab
  artifactKey: Guid(a9a4d630307d55544909bf1837acb618) Importer(815301076,1909f56bfc062723c751e8b465ee728b)
Start importing Assets/Tile Palette/Brick Walls/brick walls.prefab using Guid(a9a4d630307d55544909bf1837acb618) Importer(815301076,1909f56bfc062723c751e8b465ee728b) [PhysX] Initialized MultithreadedTaskDispatcher with 20 workers.
[PhysX] Initialized MultithreadedTaskDispatcher with 20 workers.
 -> (artifact id: 'a3cf1920d30a38bbd35f6740d5ffb700') in 0.010736 seconds
Number of updated asset objects reloaded before import = 0
Number of asset objects unloaded after import = 18
========================================================================
Received Import Request.
  Time since last request: 19.105703 seconds.
  path: Assets/Tile Palette/Brick Walls/brick walls.prefab
  artifactKey: Guid(a9a4d630307d55544909bf1837acb618) Importer(815301076,1909f56bfc062723c751e8b465ee728b)
Start importing Assets/Tile Palette/Brick Walls/brick walls.prefab using Guid(a9a4d630307d55544909bf1837acb618) Importer(815301076,1909f56bfc062723c751e8b465ee728b) [PhysX] Initialized MultithreadedTaskDispatcher with 20 workers.
[PhysX] Initialized MultithreadedTaskDispatcher with 20 workers.
 -> (artifact id: 'edce602061592c2cc95a795888e8e848') in 0.011538 seconds
Number of updated asset objects reloaded before import = 0
Number of asset objects unloaded after import = 10
========================================================================
Received Import Request.
  Time since last request: 8.127972 seconds.
  path: Assets/Tile Palette/Brick Walls/brick walls.prefab
  artifactKey: Guid(a9a4d630307d55544909bf1837acb618) Importer(815301076,1909f56bfc062723c751e8b465ee728b)
Start importing Assets/Tile Palette/Brick Walls/brick walls.prefab using Guid(a9a4d630307d55544909bf1837acb618) Importer(815301076,1909f56bfc062723c751e8b465ee728b) [PhysX] Initialized MultithreadedTaskDispatcher with 20 workers.
[PhysX] Initialized MultithreadedTaskDispatcher with 20 workers.
 -> (artifact id: '5e5de21df152cad5bf039c42fdfe333e') in 0.013877 seconds
Number of updated asset objects reloaded before import = 0
Number of asset objects unloaded after import = 13
========================================================================
Received Import Request.
  Time since last request: 3.007509 seconds.
  path: Assets/Tile Palette/Brick Walls/brick walls.prefab
  artifactKey: Guid(a9a4d630307d55544909bf1837acb618) Importer(815301076,1909f56bfc062723c751e8b465ee728b)
Start importing Assets/Tile Palette/Brick Walls/brick walls.prefab using Guid(a9a4d630307d55544909bf1837acb618) Importer(815301076,1909f56bfc062723c751e8b465ee728b) [PhysX] Initialized MultithreadedTaskDispatcher with 20 workers.
[PhysX] Initialized MultithreadedTaskDispatcher with 20 workers.
 -> (artifact id: '0e330991ea3a612c05f9ee1e75cf62b6') in 0.012431 seconds
Number of updated asset objects reloaded before import = 0
Number of asset objects unloaded after import = 16
========================================================================
Received Import Request.
  Time since last request: 3.823553 seconds.
  path: Assets/Tile Palette/Brick Walls/brick walls.prefab
  artifactKey: Guid(a9a4d630307d55544909bf1837acb618) Importer(815301076,1909f56bfc062723c751e8b465ee728b)
Start importing Assets/Tile Palette/Brick Walls/brick walls.prefab using Guid(a9a4d630307d55544909bf1837acb618) Importer(815301076,1909f56bfc062723c751e8b465ee728b) [PhysX] Initialized MultithreadedTaskDispatcher with 20 workers.
[PhysX] Initialized MultithreadedTaskDispatcher with 20 workers.
 -> (artifact id: '2aa6841dd29b200d983f30291b3407bd') in 0.013164 seconds
Number of updated asset objects reloaded before import = 0
Number of asset objects unloaded after import = 19
========================================================================
Received Import Request.
  Time since last request: 3.263185 seconds.
  path: Assets/Tile Palette/Brick Walls/brick walls.prefab
  artifactKey: Guid(a9a4d630307d55544909bf1837acb618) Importer(815301076,1909f56bfc062723c751e8b465ee728b)
Start importing Assets/Tile Palette/Brick Walls/brick walls.prefab using Guid(a9a4d630307d55544909bf1837acb618) Importer(815301076,1909f56bfc062723c751e8b465ee728b) [PhysX] Initialized MultithreadedTaskDispatcher with 20 workers.
[PhysX] Initialized MultithreadedTaskDispatcher with 20 workers.
 -> (artifact id: 'f64bff8b7736506d1f2fe95b315d560a') in 0.012255 seconds
Number of updated asset objects reloaded before import = 0
Number of asset objects unloaded after import = 22
========================================================================
Received Import Request.
  Time since last request: 4.343221 seconds.
  path: Assets/Tile Palette/Brick Walls/brick walls.prefab
  artifactKey: Guid(a9a4d630307d55544909bf1837acb618) Importer(815301076,1909f56bfc062723c751e8b465ee728b)
Start importing Assets/Tile Palette/Brick Walls/brick walls.prefab using Guid(a9a4d630307d55544909bf1837acb618) Importer(815301076,1909f56bfc062723c751e8b465ee728b) [PhysX] Initialized MultithreadedTaskDispatcher with 20 workers.
[PhysX] Initialized MultithreadedTaskDispatcher with 20 workers.
 -> (artifact id: '3aff19dbe75118af25cfedfaa70ec47f') in 0.013867 seconds
Number of updated asset objects reloaded before import = 0
Number of asset objects unloaded after import = 25
========================================================================
Received Import Request.
  Time since last request: 2.787771 seconds.
  path: Assets/Tile Palette/Brick Walls/brick walls.prefab
  artifactKey: Guid(a9a4d630307d55544909bf1837acb618) Importer(815301076,1909f56bfc062723c751e8b465ee728b)
Start importing Assets/Tile Palette/Brick Walls/brick walls.prefab using Guid(a9a4d630307d55544909bf1837acb618) Importer(815301076,1909f56bfc062723c751e8b465ee728b) [PhysX] Initialized MultithreadedTaskDispatcher with 20 workers.
[PhysX] Initialized MultithreadedTaskDispatcher with 20 workers.
 -> (artifact id: '82e38010cdfb9a974002d578c888882c') in 0.012975 seconds
Number of updated asset objects reloaded before import = 0
Number of asset objects unloaded after import = 28
========================================================================
Received Import Request.
  Time since last request: 10.325118 seconds.
  path: Assets/Tile Palette/Brick Walls/brick walls.prefab
  artifactKey: Guid(a9a4d630307d55544909bf1837acb618) Importer(815301076,1909f56bfc062723c751e8b465ee728b)
Start importing Assets/Tile Palette/Brick Walls/brick walls.prefab using Guid(a9a4d630307d55544909bf1837acb618) Importer(815301076,1909f56bfc062723c751e8b465ee728b) [PhysX] Initialized MultithreadedTaskDispatcher with 20 workers.
[PhysX] Initialized MultithreadedTaskDispatcher with 20 workers.
 -> (artifact id: 'a2d56b6b6bef19e52e505d78c180c01e') in 0.013543 seconds
Number of updated asset objects reloaded before import = 0
Number of asset objects unloaded after import = 31
========================================================================
Received Import Request.
  Time since last request: 6.796687 seconds.
  path: Assets/Tile Palette/Brick Walls/brick walls.prefab
  artifactKey: Guid(a9a4d630307d55544909bf1837acb618) Importer(815301076,1909f56bfc062723c751e8b465ee728b)
Start importing Assets/Tile Palette/Brick Walls/brick walls.prefab using Guid(a9a4d630307d55544909bf1837acb618) Importer(815301076,1909f56bfc062723c751e8b465ee728b) [PhysX] Initialized MultithreadedTaskDispatcher with 20 workers.
[PhysX] Initialized MultithreadedTaskDispatcher with 20 workers.
 -> (artifact id: 'b263471ebc4ea78763d3d1dc90549cd7') in 0.007931 seconds
Number of updated asset objects reloaded before import = 0
Number of asset objects unloaded after import = 31
========================================================================
Received Import Request.
  Time since last request: 14.986441 seconds.
  path: Assets/Tile Palette/Brick Walls/brick walls.prefab
  artifactKey: Guid(a9a4d630307d55544909bf1837acb618) Importer(815301076,1909f56bfc062723c751e8b465ee728b)
Start importing Assets/Tile Palette/Brick Walls/brick walls.prefab using Guid(a9a4d630307d55544909bf1837acb618) Importer(815301076,1909f56bfc062723c751e8b465ee728b) [PhysX] Initialized MultithreadedTaskDispatcher with 20 workers.
[PhysX] Initialized MultithreadedTaskDispatcher with 20 workers.
 -> (artifact id: 'da7ca34fd09592cf8d74ebc57706ecdd') in 0.012318 seconds
Number of updated asset objects reloaded before import = 0
Number of asset objects unloaded after import = 28
========================================================================
Received Import Request.
  Time since last request: 6.224005 seconds.
  path: Assets/Tile Palette/Brick Walls/brick walls.prefab
  artifactKey: Guid(a9a4d630307d55544909bf1837acb618) Importer(815301076,1909f56bfc062723c751e8b465ee728b)
Start importing Assets/Tile Palette/Brick Walls/brick walls.prefab using Guid(a9a4d630307d55544909bf1837acb618) Importer(815301076,1909f56bfc062723c751e8b465ee728b) [PhysX] Initialized MultithreadedTaskDispatcher with 20 workers.
[PhysX] Initialized MultithreadedTaskDispatcher with 20 workers.
 -> (artifact id: '4573ceac2e384c2f8099b87d7e776f5f') in 0.011981 seconds
Number of updated asset objects reloaded before import = 0
Number of asset objects unloaded after import = 31
========================================================================
Received Import Request.
  Time since last request: 3.529843 seconds.
  path: Assets/Tile Palette/Brick Walls/brick walls.prefab
  artifactKey: Guid(a9a4d630307d55544909bf1837acb618) Importer(815301076,1909f56bfc062723c751e8b465ee728b)
Start importing Assets/Tile Palette/Brick Walls/brick walls.prefab using Guid(a9a4d630307d55544909bf1837acb618) Importer(815301076,1909f56bfc062723c751e8b465ee728b) [PhysX] Initialized MultithreadedTaskDispatcher with 20 workers.
[PhysX] Initialized MultithreadedTaskDispatcher with 20 workers.
 -> (artifact id: '3a730c5fad70de4400e7e58e393446ff') in 0.014625 seconds
Number of updated asset objects reloaded before import = 0
Number of asset objects unloaded after import = 34
========================================================================
Received Import Request.
  Time since last request: 19.920159 seconds.
  path: Assets/Tile Palette/Brick Walls/brick walls.prefab
  artifactKey: Guid(a9a4d630307d55544909bf1837acb618) Importer(815301076,1909f56bfc062723c751e8b465ee728b)
Start importing Assets/Tile Palette/Brick Walls/brick walls.prefab using Guid(a9a4d630307d55544909bf1837acb618) Importer(815301076,1909f56bfc062723c751e8b465ee728b) [PhysX] Initialized MultithreadedTaskDispatcher with 20 workers.
[PhysX] Initialized MultithreadedTaskDispatcher with 20 workers.
 -> (artifact id: '177e6e14c2aa131c019a27a630e886c9') in 0.009746 seconds
Number of updated asset objects reloaded before import = 0
Number of asset objects unloaded after import = 34
========================================================================
Received Import Request.
  Time since last request: 1.908328 seconds.
  path: Assets/Tile Palette/Brick Walls/brick walls.prefab
  artifactKey: Guid(a9a4d630307d55544909bf1837acb618) Importer(815301076,1909f56bfc062723c751e8b465ee728b)
Start importing Assets/Tile Palette/Brick Walls/brick walls.prefab using Guid(a9a4d630307d55544909bf1837acb618) Importer(815301076,1909f56bfc062723c751e8b465ee728b) [PhysX] Initialized MultithreadedTaskDispatcher with 20 workers.
[PhysX] Initialized MultithreadedTaskDispatcher with 20 workers.
 -> (artifact id: 'bf91398a17e949db698fbdf8f4cb53a2') in 0.013933 seconds
Number of updated asset objects reloaded before import = 0
Number of asset objects unloaded after import = 37
========================================================================
Received Import Request.
  Time since last request: 13.283238 seconds.
  path: Assets/Tile Palette/Brick Walls/brick walls.prefab
  artifactKey: Guid(a9a4d630307d55544909bf1837acb618) Importer(815301076,1909f56bfc062723c751e8b465ee728b)
Start importing Assets/Tile Palette/Brick Walls/brick walls.prefab using Guid(a9a4d630307d55544909bf1837acb618) Importer(815301076,1909f56bfc062723c751e8b465ee728b) [PhysX] Initialized MultithreadedTaskDispatcher with 20 workers.
[PhysX] Initialized MultithreadedTaskDispatcher with 20 workers.
 -> (artifact id: 'c976f6502da737fd0cd31ad73b7e044e') in 0.014032 seconds
Number of updated asset objects reloaded before import = 0
Number of asset objects unloaded after import = 37
========================================================================
Received Import Request.
  Time since last request: 7.562186 seconds.
  path: Assets/Tile Palette/Brick Walls/brick walls.prefab
  artifactKey: Guid(a9a4d630307d55544909bf1837acb618) Importer(815301076,1909f56bfc062723c751e8b465ee728b)
Start importing Assets/Tile Palette/Brick Walls/brick walls.prefab using Guid(a9a4d630307d55544909bf1837acb618) Importer(815301076,1909f56bfc062723c751e8b465ee728b) [PhysX] Initialized MultithreadedTaskDispatcher with 20 workers.
[PhysX] Initialized MultithreadedTaskDispatcher with 20 workers.
 -> (artifact id: 'fedd3ed2456a5e8861ece62d64410e93') in 0.017892 seconds
Number of updated asset objects reloaded before import = 0
Number of asset objects unloaded after import = 40
========================================================================
Received Import Request.
  Time since last request: 3.246847 seconds.
  path: Assets/Tile Palette/Brick Walls/brick walls.prefab
  artifactKey: Guid(a9a4d630307d55544909bf1837acb618) Importer(815301076,1909f56bfc062723c751e8b465ee728b)
Start importing Assets/Tile Palette/Brick Walls/brick walls.prefab using Guid(a9a4d630307d55544909bf1837acb618) Importer(815301076,1909f56bfc062723c751e8b465ee728b) [PhysX] Initialized MultithreadedTaskDispatcher with 20 workers.
[PhysX] Initialized MultithreadedTaskDispatcher with 20 workers.
 -> (artifact id: 'ec2b6e83f7adb8732f7a1d45d3078aa6') in 0.016006 seconds
Number of updated asset objects reloaded before import = 0
Number of asset objects unloaded after import = 43
========================================================================
Received Import Request.
  Time since last request: 4.185382 seconds.
  path: Assets/Tile Palette/Brick Walls/brick walls.prefab
  artifactKey: Guid(a9a4d630307d55544909bf1837acb618) Importer(815301076,1909f56bfc062723c751e8b465ee728b)
Start importing Assets/Tile Palette/Brick Walls/brick walls.prefab using Guid(a9a4d630307d55544909bf1837acb618) Importer(815301076,1909f56bfc062723c751e8b465ee728b) [PhysX] Initialized MultithreadedTaskDispatcher with 20 workers.
[PhysX] Initialized MultithreadedTaskDispatcher with 20 workers.
 -> (artifact id: 'b20572d314f8337328f0d8a7849b95b4') in 0.015744 seconds
Number of updated asset objects reloaded before import = 0
Number of asset objects unloaded after import = 43
========================================================================
Received Import Request.
  Time since last request: 11.715773 seconds.
  path: Assets/Tile Palette/Brick Walls/brick walls.prefab
  artifactKey: Guid(a9a4d630307d55544909bf1837acb618) Importer(815301076,1909f56bfc062723c751e8b465ee728b)
Start importing Assets/Tile Palette/Brick Walls/brick walls.prefab using Guid(a9a4d630307d55544909bf1837acb618) Importer(815301076,1909f56bfc062723c751e8b465ee728b) [PhysX] Initialized MultithreadedTaskDispatcher with 20 workers.
[PhysX] Initialized MultithreadedTaskDispatcher with 20 workers.
 -> (artifact id: '492e7886b0775924af81609bfcd1f530') in 0.015275 seconds
Number of updated asset objects reloaded before import = 0
Number of asset objects unloaded after import = 43
========================================================================
Received Import Request.
  Time since last request: 4.317355 seconds.
  path: Assets/Tile Palette/Brick Walls/brick walls.prefab
  artifactKey: Guid(a9a4d630307d55544909bf1837acb618) Importer(815301076,1909f56bfc062723c751e8b465ee728b)
Start importing Assets/Tile Palette/Brick Walls/brick walls.prefab using Guid(a9a4d630307d55544909bf1837acb618) Importer(815301076,1909f56bfc062723c751e8b465ee728b) [PhysX] Initialized MultithreadedTaskDispatcher with 20 workers.
[PhysX] Initialized MultithreadedTaskDispatcher with 20 workers.
 -> (artifact id: '6cc0434394f86ce0aefa1ca2a5ffc051') in 0.015313 seconds
Number of updated asset objects reloaded before import = 0
Number of asset objects unloaded after import = 43
========================================================================
Received Import Request.
  Time since last request: 4.042447 seconds.
  path: Assets/Tile Palette/Brick Walls/brick walls.prefab
  artifactKey: Guid(a9a4d630307d55544909bf1837acb618) Importer(815301076,1909f56bfc062723c751e8b465ee728b)
Start importing Assets/Tile Palette/Brick Walls/brick walls.prefab using Guid(a9a4d630307d55544909bf1837acb618) Importer(815301076,1909f56bfc062723c751e8b465ee728b) [PhysX] Initialized MultithreadedTaskDispatcher with 20 workers.
[PhysX] Initialized MultithreadedTaskDispatcher with 20 workers.
 -> (artifact id: 'd1bab904802e27fc08467da6fba4b748') in 0.014679 seconds
Number of updated asset objects reloaded before import = 0
Number of asset objects unloaded after import = 43
========================================================================
Received Import Request.
  Time since last request: 3.497229 seconds.
  path: Assets/Tile Palette/Brick Walls/brick walls.prefab
  artifactKey: Guid(a9a4d630307d55544909bf1837acb618) Importer(815301076,1909f56bfc062723c751e8b465ee728b)
Start importing Assets/Tile Palette/Brick Walls/brick walls.prefab using Guid(a9a4d630307d55544909bf1837acb618) Importer(815301076,1909f56bfc062723c751e8b465ee728b) [PhysX] Initialized MultithreadedTaskDispatcher with 20 workers.
[PhysX] Initialized MultithreadedTaskDispatcher with 20 workers.
 -> (artifact id: '001b1adb645e74de9b4aea5ea809c1ce') in 0.015598 seconds
Number of updated asset objects reloaded before import = 0
Number of asset objects unloaded after import = 43
========================================================================
Received Import Request.
  Time since last request: 7.276387 seconds.
  path: Assets/Tile Palette/Brick Walls/brick walls.prefab
  artifactKey: Guid(a9a4d630307d55544909bf1837acb618) Importer(815301076,1909f56bfc062723c751e8b465ee728b)
Start importing Assets/Tile Palette/Brick Walls/brick walls.prefab using Guid(a9a4d630307d55544909bf1837acb618) Importer(815301076,1909f56bfc062723c751e8b465ee728b) [PhysX] Initialized MultithreadedTaskDispatcher with 20 workers.
[PhysX] Initialized MultithreadedTaskDispatcher with 20 workers.
 -> (artifact id: '7c091e36cc07f763def83ee2ebe76cf8') in 0.016908 seconds
Number of updated asset objects reloaded before import = 0
Number of asset objects unloaded after import = 46
========================================================================
Received Import Request.
  Time since last request: 2.448576 seconds.
  path: Assets/Tile Palette/Brick Walls/brick walls.prefab
  artifactKey: Guid(a9a4d630307d55544909bf1837acb618) Importer(815301076,1909f56bfc062723c751e8b465ee728b)
Start importing Assets/Tile Palette/Brick Walls/brick walls.prefab using Guid(a9a4d630307d55544909bf1837acb618) Importer(815301076,1909f56bfc062723c751e8b465ee728b) [PhysX] Initialized MultithreadedTaskDispatcher with 20 workers.
[PhysX] Initialized MultithreadedTaskDispatcher with 20 workers.
 -> (artifact id: '0932887fa7704ff55e40822b099f48a5') in 0.016677 seconds
Number of updated asset objects reloaded before import = 0
Number of asset objects unloaded after import = 49
========================================================================
Received Import Request.
  Time since last request: 144.856546 seconds.
  path: Assets/Tile Palette/Brick Walls/edge_right copy 13_512x512.png
  artifactKey: Guid(cccb41caa4b47b943b3eba0aee718b69) Importer(815301076,1909f56bfc062723c751e8b465ee728b)
Start importing Assets/Tile Palette/Brick Walls/edge_right copy 13_512x512.png using Guid(cccb41caa4b47b943b3eba0aee718b69) Importer(815301076,1909f56bfc062723c751e8b465ee728b) [PhysX] Initialized MultithreadedTaskDispatcher with 20 workers.
[PhysX] Initialized MultithreadedTaskDispatcher with 20 workers.
 -> (artifact id: '3bf03c6d1bb5c66fa24e8edd4431c745') in 0.027572 seconds
Number of updated asset objects reloaded before import = 0
Number of asset objects unloaded after import = 3
========================================================================
Received Import Request.
  Time since last request: 12.396914 seconds.
  path: Assets/Tile Palette/Brick Walls/brick walls.prefab
  artifactKey: Guid(a9a4d630307d55544909bf1837acb618) Importer(815301076,1909f56bfc062723c751e8b465ee728b)
Start importing Assets/Tile Palette/Brick Walls/brick walls.prefab using Guid(a9a4d630307d55544909bf1837acb618) Importer(815301076,1909f56bfc062723c751e8b465ee728b) [PhysX] Initialized MultithreadedTaskDispatcher with 20 workers.
[PhysX] Initialized MultithreadedTaskDispatcher with 20 workers.
 -> (artifact id: '32bd0108d377681f9c399f86ec098089') in 0.019503 seconds
Number of updated asset objects reloaded before import = 0
Number of asset objects unloaded after import = 52
========================================================================
Received Import Request.
  Time since last request: 67.746651 seconds.
  path: Assets/Tile Palette/Brick Walls/edge_right copy_512x512.png
  artifactKey: Guid(f9e1a359d46a15f43b3aaac1f79fbb36) Importer(815301076,1909f56bfc062723c751e8b465ee728b)
Start importing Assets/Tile Palette/Brick Walls/edge_right copy_512x512.png using Guid(f9e1a359d46a15f43b3aaac1f79fbb36) Importer(815301076,1909f56bfc062723c751e8b465ee728b) [PhysX] Initialized MultithreadedTaskDispatcher with 20 workers.
[PhysX] Initialized MultithreadedTaskDispatcher with 20 workers.
 -> (artifact id: '35f98ee1edd47268037650b75701c206') in 0.012407 seconds
Number of updated asset objects reloaded before import = 0
Number of asset objects unloaded after import = 3
========================================================================
Received Import Request.
  Time since last request: 0.005254 seconds.
  path: Assets/Tile Palette/Brick Walls/edge_right copy 3_512x512.asset
  artifactKey: Guid(10b192fd9402f4240a1fd99f39782d7c) Importer(815301076,1909f56bfc062723c751e8b465ee728b)
Start importing Assets/Tile Palette/Brick Walls/edge_right copy 3_512x512.asset using Guid(10b192fd9402f4240a1fd99f39782d7c) Importer(815301076,1909f56bfc062723c751e8b465ee728b) [PhysX] Initialized MultithreadedTaskDispatcher with 20 workers.
 -> (artifact id: '4b27a54d0e63ca3a2bf0cb4d0176aa6b') in 0.006670 seconds
Number of updated asset objects reloaded before import = 0
Number of asset objects unloaded after import = 3
========================================================================
Received Import Request.
  Time since last request: 0.004191 seconds.
  path: Assets/Tile Palette/Brick Walls/edge_right copy 5_512x512.png
  artifactKey: Guid(d8d3978ed7faaa944b0c07e94696fbc5) Importer(815301076,1909f56bfc062723c751e8b465ee728b)
Start importing Assets/Tile Palette/Brick Walls/edge_right copy 5_512x512.png using Guid(d8d3978ed7faaa944b0c07e94696fbc5) Importer(815301076,1909f56bfc062723c751e8b465ee728b) [PhysX] Initialized MultithreadedTaskDispatcher with 20 workers.
[PhysX] Initialized MultithreadedTaskDispatcher with 20 workers.
 -> (artifact id: 'd62143ce09951a4d9251ad4181251c0b') in 0.006576 seconds
Number of updated asset objects reloaded before import = 0
Number of asset objects unloaded after import = 3
========================================================================
Received Import Request.
  Time since last request: 0.000013 seconds.
  path: Assets/Tile Palette/Brick Walls/edge_right copy 7_512x512.png
  artifactKey: Guid(a47c05f727bc81d42ad5d25b7a595b2a) Importer(815301076,1909f56bfc062723c751e8b465ee728b)
Start importing Assets/Tile Palette/Brick Walls/edge_right copy 7_512x512.png using Guid(a47c05f727bc81d42ad5d25b7a595b2a) Importer(815301076,1909f56bfc062723c751e8b465ee728b) [PhysX] Initialized MultithreadedTaskDispatcher with 20 workers.
[PhysX] Initialized MultithreadedTaskDispatcher with 20 workers.
 -> (artifact id: 'f6d19597a94186e1f05c6650e94c529a') in 0.006571 seconds
Number of updated asset objects reloaded before import = 0
Number of asset objects unloaded after import = 3
========================================================================
Received Import Request.
  Time since last request: 0.000017 seconds.
  path: Assets/Tile Palette/Brick Walls/edge_right copy_512x512.asset
  artifactKey: Guid(e846bdd54113f424db7d9160700068ac) Importer(815301076,1909f56bfc062723c751e8b465ee728b)
Start importing Assets/Tile Palette/Brick Walls/edge_right copy_512x512.asset using Guid(e846bdd54113f424db7d9160700068ac) Importer(815301076,1909f56bfc062723c751e8b465ee728b) [PhysX] Initialized MultithreadedTaskDispatcher with 20 workers.
 -> (artifact id: 'b754ba732a7ce29a078992f5662cf6f0') in 0.004389 seconds
Number of updated asset objects reloaded before import = 0
Number of asset objects unloaded after import = 3
========================================================================
Received Import Request.
  Time since last request: 0.000014 seconds.
  path: Assets/Tile Palette/Brick Walls/edge_right copy 9_512x512.asset
  artifactKey: Guid(369eb837e4aa1ee4ba1dfc47fda75d83) Importer(815301076,1909f56bfc062723c751e8b465ee728b)
Start importing Assets/Tile Palette/Brick Walls/edge_right copy 9_512x512.asset using Guid(369eb837e4aa1ee4ba1dfc47fda75d83) Importer(815301076,1909f56bfc062723c751e8b465ee728b) [PhysX] Initialized MultithreadedTaskDispatcher with 20 workers.
 -> (artifact id: 'dd74e540313bdc942f32c2ccdd4cb0cc') in 0.005080 seconds
Number of updated asset objects reloaded before import = 0
Number of asset objects unloaded after import = 3
========================================================================
Received Import Request.
  Time since last request: 0.000018 seconds.
  path: Assets/Tile Palette/Brick Walls/edge_right_512x512.png
  artifactKey: Guid(9f2238f68be3e2e449bf42cf72a2ca20) Importer(815301076,1909f56bfc062723c751e8b465ee728b)
Start importing Assets/Tile Palette/Brick Walls/edge_right_512x512.png using Guid(9f2238f68be3e2e449bf42cf72a2ca20) Importer(815301076,1909f56bfc062723c751e8b465ee728b) [PhysX] Initialized MultithreadedTaskDispatcher with 20 workers.
[PhysX] Initialized MultithreadedTaskDispatcher with 20 workers.
 -> (artifact id: 'a3237f87e34a7b842172621c9cd82c1d') in 0.009862 seconds
Number of updated asset objects reloaded before import = 0
Number of asset objects unloaded after import = 3
========================================================================
Received Import Request.
  Time since last request: 0.000023 seconds.
  path: Assets/Tile Palette/Brick Walls/edge_right copy 9_512x512.png
  artifactKey: Guid(6d0762361f5b259478fd0b0646b6de44) Importer(815301076,1909f56bfc062723c751e8b465ee728b)
Start importing Assets/Tile Palette/Brick Walls/edge_right copy 9_512x512.png using Guid(6d0762361f5b259478fd0b0646b6de44) Importer(815301076,1909f56bfc062723c751e8b465ee728b) [PhysX] Initialized MultithreadedTaskDispatcher with 20 workers.
[PhysX] Initialized MultithreadedTaskDispatcher with 20 workers.
 -> (artifact id: '09d75a7b5275b5ca5097d6f99de66541') in 0.010895 seconds
Number of updated asset objects reloaded before import = 0
Number of asset objects unloaded after import = 3
========================================================================
Received Import Request.
  Time since last request: 0.000016 seconds.
  path: Assets/Tile Palette/Brick Walls/edge_right copy 4_512x512.asset
  artifactKey: Guid(2d6704af8702f1d4985816f6099ac491) Importer(815301076,1909f56bfc062723c751e8b465ee728b)
Start importing Assets/Tile Palette/Brick Walls/edge_right copy 4_512x512.asset using Guid(2d6704af8702f1d4985816f6099ac491) Importer(815301076,1909f56bfc062723c751e8b465ee728b) [PhysX] Initialized MultithreadedTaskDispatcher with 20 workers.
 -> (artifact id: '50a0a66b40261bfbc6fb680159cdc2eb') in 0.004385 seconds
Number of updated asset objects reloaded before import = 0
Number of asset objects unloaded after import = 3
========================================================================
Received Import Request.
  Time since last request: 0.000013 seconds.
  path: Assets/Tile Palette/Brick Walls/edge_right copy 3_512x512.png
  artifactKey: Guid(e935a072241643349acc6a78956fce16) Importer(815301076,1909f56bfc062723c751e8b465ee728b)
Start importing Assets/Tile Palette/Brick Walls/edge_right copy 3_512x512.png using Guid(e935a072241643349acc6a78956fce16) Importer(815301076,1909f56bfc062723c751e8b465ee728b) [PhysX] Initialized MultithreadedTaskDispatcher with 20 workers.
[PhysX] Initialized MultithreadedTaskDispatcher with 20 workers.
 -> (artifact id: 'ddb33519f22426d0fb2653f69e11289a') in 0.012252 seconds
Number of updated asset objects reloaded before import = 0
Number of asset objects unloaded after import = 3
========================================================================
Received Import Request.
  Time since last request: 0.000012 seconds.
  path: Assets/Tile Palette/Brick Walls/edge_right copy 5_512x512.asset
  artifactKey: Guid(cec90cf2302a5ad4398ab89369a72d24) Importer(815301076,1909f56bfc062723c751e8b465ee728b)
Start importing Assets/Tile Palette/Brick Walls/edge_right copy 5_512x512.asset using Guid(cec90cf2302a5ad4398ab89369a72d24) Importer(815301076,1909f56bfc062723c751e8b465ee728b) [PhysX] Initialized MultithreadedTaskDispatcher with 20 workers.
 -> (artifact id: '98aafcf7f208e491fc69f04b9aa8b76a') in 0.003774 seconds
Number of updated asset objects reloaded before import = 0
Number of asset objects unloaded after import = 3
========================================================================
Received Import Request.
  Time since last request: 0.000014 seconds.
  path: Assets/Tile Palette/Brick Walls/edge_right copy 12_512x512.png
  artifactKey: Guid(796a1886ee31ced42a4c95c7ce08f2a0) Importer(815301076,1909f56bfc062723c751e8b465ee728b)
Start importing Assets/Tile Palette/Brick Walls/edge_right copy 12_512x512.png using Guid(796a1886ee31ced42a4c95c7ce08f2a0) Importer(815301076,1909f56bfc062723c751e8b465ee728b) [PhysX] Initialized MultithreadedTaskDispatcher with 20 workers.
[PhysX] Initialized MultithreadedTaskDispatcher with 20 workers.
 -> (artifact id: 'ba41aec4817ea51f0f2abe7fe6d1884f') in 0.008336 seconds
Number of updated asset objects reloaded before import = 0
Number of asset objects unloaded after import = 3
========================================================================
Received Import Request.
  Time since last request: 0.000016 seconds.
  path: Assets/Tile Palette/Brick Walls/edge_right copy 10_512x512.png
  artifactKey: Guid(b4b4457757fbccb4b8a14a32fc4a0d1c) Importer(815301076,1909f56bfc062723c751e8b465ee728b)
Start importing Assets/Tile Palette/Brick Walls/edge_right copy 10_512x512.png using Guid(b4b4457757fbccb4b8a14a32fc4a0d1c) Importer(815301076,1909f56bfc062723c751e8b465ee728b) [PhysX] Initialized MultithreadedTaskDispatcher with 20 workers.
[PhysX] Initialized MultithreadedTaskDispatcher with 20 workers.
 -> (artifact id: '36f841dc3cebed206563a3e1aca07edc') in 0.012031 seconds
Number of updated asset objects reloaded before import = 0
Number of asset objects unloaded after import = 3
========================================================================
Received Import Request.
  Time since last request: 0.000015 seconds.
  path: Assets/Tile Palette/Brick Walls/edge_right copy 13_512x512.png
  artifactKey: Guid(cccb41caa4b47b943b3eba0aee718b69) Importer(815301076,1909f56bfc062723c751e8b465ee728b)
Start importing Assets/Tile Palette/Brick Walls/edge_right copy 13_512x512.png using Guid(cccb41caa4b47b943b3eba0aee718b69) Importer(815301076,1909f56bfc062723c751e8b465ee728b) [PhysX] Initialized MultithreadedTaskDispatcher with 20 workers.
[PhysX] Initialized MultithreadedTaskDispatcher with 20 workers.
 -> (artifact id: 'cb706c0849e6f07342af198a24848842') in 0.005968 seconds
Number of updated asset objects reloaded before import = 0
Number of asset objects unloaded after import = 3
========================================================================
Received Import Request.
  Time since last request: 0.000013 seconds.
  path: Assets/Tile Palette/Brick Walls/edge_right copy 6_512x512.asset
  artifactKey: Guid(21475c8d98799ee418c209c32ad4c2fc) Importer(815301076,1909f56bfc062723c751e8b465ee728b)
Start importing Assets/Tile Palette/Brick Walls/edge_right copy 6_512x512.asset using Guid(21475c8d98799ee418c209c32ad4c2fc) Importer(815301076,1909f56bfc062723c751e8b465ee728b) [PhysX] Initialized MultithreadedTaskDispatcher with 20 workers.
 -> (artifact id: '42ac83afdee887ddc161982ba4e33722') in 0.003684 seconds
Number of updated asset objects reloaded before import = 0
Number of asset objects unloaded after import = 3
========================================================================
Received Import Request.
  Time since last request: 0.000011 seconds.
  path: Assets/Tile Palette/Brick Walls/edge_right copy 2_512x512.asset
  artifactKey: Guid(6c0303ad69430e04a9b9b7828e9b1e7c) Importer(815301076,1909f56bfc062723c751e8b465ee728b)
Start importing Assets/Tile Palette/Brick Walls/edge_right copy 2_512x512.asset using Guid(6c0303ad69430e04a9b9b7828e9b1e7c) Importer(815301076,1909f56bfc062723c751e8b465ee728b) [PhysX] Initialized MultithreadedTaskDispatcher with 20 workers.
 -> (artifact id: '5254e80cbabc8b41017aad38850898f4') in 0.004019 seconds
Number of updated asset objects reloaded before import = 0
Number of asset objects unloaded after import = 3
========================================================================
Received Import Request.
  Time since last request: 0.000013 seconds.
  path: Assets/Tile Palette/Brick Walls/edge_right copy 8_512x512.png
  artifactKey: Guid(aa122a0899ab7124493b1fbb0c9f0c04) Importer(815301076,1909f56bfc062723c751e8b465ee728b)
Start importing Assets/Tile Palette/Brick Walls/edge_right copy 8_512x512.png using Guid(aa122a0899ab7124493b1fbb0c9f0c04) Importer(815301076,1909f56bfc062723c751e8b465ee728b) [PhysX] Initialized MultithreadedTaskDispatcher with 20 workers.
[PhysX] Initialized MultithreadedTaskDispatcher with 20 workers.
 -> (artifact id: 'd595156a06a16323ee4e867c56442f0c') in 0.005657 seconds
Number of updated asset objects reloaded before import = 0
Number of asset objects unloaded after import = 3
========================================================================
Received Import Request.
  Time since last request: 0.000013 seconds.
  path: Assets/Tile Palette/Brick Walls/edge_right copy 4_512x512.png
  artifactKey: Guid(7d26acfd98d65674f82ad126c050a18c) Importer(815301076,1909f56bfc062723c751e8b465ee728b)
Start importing Assets/Tile Palette/Brick Walls/edge_right copy 4_512x512.png using Guid(7d26acfd98d65674f82ad126c050a18c) Importer(815301076,1909f56bfc062723c751e8b465ee728b) [PhysX] Initialized MultithreadedTaskDispatcher with 20 workers.
[PhysX] Initialized MultithreadedTaskDispatcher with 20 workers.
 -> (artifact id: '04fbd962edd988c57f8b4d53d13055a0') in 0.005173 seconds
Number of updated asset objects reloaded before import = 0
Number of asset objects unloaded after import = 3
Editor requested this worker to shutdown with reason: Scaling down because of idle timeout
TcpMessagingSession - receive error: operation aborted. errorcode: 995, details: The I/O operation has been aborted because of either a thread exit or an application request.
AssetImportWorker is now disconnected from the server
Process exiting
Exiting without the bug reporter. Application will terminate with return code 0